<?xml version="1.0" encoding="UTF-8"?>
<!-- Generated by org.testng.reporters.JUnitXMLReporter -->
<testsuite ignored="0" hostname="MyYoga" failures="0" tests="4" name="Test1" time="0.01" errors="0" timestamp="2024-06-13T18:22:48 IST">
  <testcase classname="org.data.PerformanceTesting" name="tc1" time="0.002"/>
  <testcase classname="org.data.AppiumTesting" name="tc1" time="0.001"/>
  <testcase classname="org.data.AppiumTesting" name="tc2" time="0.002"/>
  <testcase classname="org.data.PerformanceTesting" name="tc2" time="0.003"/>
</testsuite> <!-- Test1 -->
